<?xml version="1.0" encoding="UTF-8"?>
<testsuites name="jest tests" tests="4743" failures="0" errors="0" time="61.711">
  <testsuite name="register page" errors="0" failures="0" skipped="0" timestamp="2026-08-07T17:56:19" time="7.769" tests="6">
    <testcase classname="register page renders the organization search step first" name="register page renders the organization search step first" time="0.511">
    </testcase>
    <testcase classname="register page shows an error when continuing without selecting an organization" name="register page shows an error when continuing without selecting an organization" time="0.219">
    </testcase>
    <testcase classname="register page selecting an organization advances to the details step" name="register page selecting an organization advances to the details step" time="0.12">
    </testcase>
    <testcase classname="register page validates the password length on submit" name="register page validates the password length on submit" time="0.195">
    </testcase>
    <testcase classname="register page calls registerAction and redirects on success" name="register page calls registerAction and redirects on success" time="0.28">
    </testcase>
    <testcase classname="register page routes to /login after a delayed redirect when approval is needed" name="register page routes to /login after a delayed redirect when approval is needed" time="3.222">
    </testcase>
  </testsuite>
  <testsuite name="AssetsClient" errors="0" failures="0" skipped="0" timestamp="2026-08-07T17:56:19" time="13.227" tests="17">
    <testcase classname="AssetsClient prompts to select an organization when none is set" name="AssetsClient prompts to select an organization when none is set" time="0.149">
    </testcase>
    <testcase classname="AssetsClient renders the header and stats" name="AssetsClient renders the header and stats" time="0.403">
    </testcase>
    <testcase classname="AssetsClient renders assets in the catalog grid" name="AssetsClient renders assets in the catalog grid" time="0.151">
    </testcase>
    <testcase classname="AssetsClient shows an empty catalog state" name="AssetsClient shows an empty catalog state" time="0.118">
    </testcase>
    <testcase classname="AssetsClient filters assets by search query" name="AssetsClient filters assets by search query" time="0.231">
    </testcase>
    <testcase classname="AssetsClient switches to list view and paginates" name="AssetsClient switches to list view and paginates" time="0.358">
    </testcase>
    <testcase classname="AssetsClient opens the asset detail card on click" name="AssetsClient opens the asset detail card on click" time="0.295">
    </testcase>
    <testcase classname="AssetsClient assigns an asset to an employee" name="AssetsClient assigns an asset to an employee" time="0.577">
    </testcase>
    <testcase classname="AssetsClient returns an assigned asset through the return dialog" name="AssetsClient returns an assigned asset through the return dialog" time="0.601">
    </testcase>
    <testcase classname="AssetsClient deletes an available asset after confirmation" name="AssetsClient deletes an available asset after confirmation" time="0.412">
    </testcase>
    <testcase classname="AssetsClient blocks deletion of an assigned asset" name="AssetsClient blocks deletion of an assigned asset" time="0.335">
    </testcase>
    <testcase classname="AssetsClient opens the QR code modal from an asset card" name="AssetsClient opens the QR code modal from an asset card" time="0.37">
    </testcase>
    <testcase classname="AssetsClient renders my assets with movement form status" name="AssetsClient renders my assets with movement form status" time="0.302">
    </testcase>
    <testcase classname="AssetsClient shows an empty my-assets state" name="AssetsClient shows an empty my-assets state" time="0.296">
    </testcase>
    <testcase classname="AssetsClient approves and rejects asset requests" name="AssetsClient approves and rejects asset requests" time="0.3">
    </testcase>
    <testcase classname="AssetsClient renders the maintenance tab" name="AssetsClient renders the maintenance tab" time="0.249">
    </testcase>
    <testcase classname="AssetsClient shows an empty maintenance state" name="AssetsClient shows an empty maintenance state" time="0.299">
    </testcase>
  </testsuite>
  <testsuite name="parseEditableDocx — bilingual round trip" errors="0" failures="0" skipped="0" timestamp="2026-08-07T17:56:19" time="13.503" tests="15">
    <testcase classname="parseEditableDocx — bilingual round trip recovers the document title from the leading heading" name="parseEditableDocx — bilingual round trip recovers the document title from the leading heading" time="1.538">
    </testcase>
    <testcase classname="parseEditableDocx — bilingual round trip recovers the bilingual block with both columns" name="parseEditableDocx — bilingual round trip recovers the bilingual block with both columns" time="0.393">
    </testcase>
    <testcase classname="parseEditableDocx — bilingual round trip keeps the Armenian text in the left column and the translation on the right" name="parseEditableDocx — bilingual round trip keeps the Armenian text in the left column and the translation on the right" time="0.364">
    </testcase>
    <testcase classname="parseEditableDocx — bilingual round trip re-attaches the column captions from the options" name="parseEditableDocx — bilingual round trip re-attaches the column captions from the options" time="0.268">
    </testcase>
    <testcase classname="parseEditableDocx — bilingual round trip recovers sections as sections, with their ordinal" name="parseEditableDocx — bilingual round trip recovers sections as sections, with their ordinal" time="0.396">
    </testcase>
    <testcase classname="parseEditableDocx — bilingual round trip never carries a signature block back from the edited file" name="parseEditableDocx — bilingual round trip never carries a signature block back from the edited file" time="0.309">
    </testcase>
    <testcase classname="parseEditableDocx — single-language documents recovers paragraphs, sections and bullets" name="parseEditableDocx — single-language documents recovers paragraphs, sections and bullets" time="0.313">
    </testcase>
    <testcase classname="parseEditableDocx — single-language documents reads a definition table as fields when the document is not bilingual" name="parseEditableDocx — single-language documents reads a definition table as fields when the document is not bilingual" time="0.273">
    </testcase>
    <testcase classname="parseEditableDocx — single-language documents preserves free text the editor added" name="parseEditableDocx — single-language documents preserves free text the editor added" time="0.23">
    </testcase>
    <testcase classname="parseEditableDocx — bilingual structure must survive rejects a bilingual document that came back without a two-column table" name="parseEditableDocx — bilingual structure must survive rejects a bilingual document that came back without a two-column table" time="0.219">
    </testcase>
    <testcase classname="parseEditableDocx — bilingual structure must survive explains what to do in the rejection message" name="parseEditableDocx — bilingual structure must survive explains what to do in the rejection message" time="0.272">
    </testcase>
    <testcase classname="parseEditableDocx — bilingual structure must survive rejects a bilingual document whose column lost all its text" name="parseEditableDocx — bilingual structure must survive rejects a bilingual document whose column lost all its text" time="0.259">
    </testcase>
    <testcase classname="parseEditableDocx — bilingual structure must survive still accepts a single-language document with no table" name="parseEditableDocx — bilingual structure must survive still accepts a single-language document with no table" time="0.185">
    </testcase>
    <testcase classname="parseEditableDocx — rejections rejects a file that is not a .docx" name="parseEditableDocx — rejections rejects a file that is not a .docx" time="0.003">
    </testcase>
    <testcase classname="parseEditableDocx — rejections rejects an empty buffer" name="parseEditableDocx — rejections rejects an empty buffer" time="0.001">
    </testcase>
  </testsuite>
  <testsuite name="EmployeeProfileDetail" errors="0" failures="0" skipped="0" timestamp="2026-08-07T17:56:19" time="13.909" tests="30">
    <testcase classname="EmployeeProfileDetail Loading state shows loading text when employee is undefined" name="EmployeeProfileDetail Loading state shows loading text when employee is undefined" time="0.166">
    </testcase>
    <testcase classname="EmployeeProfileDetail Employee header renders employee name" name="EmployeeProfileDetail Employee header renders employee name" time="0.158">
    </testcase>
    <testcase classname="EmployeeProfileDetail Employee header renders employee position" name="EmployeeProfileDetail Employee header renders employee position" time="0.107">
    </testcase>
    <testcase classname="EmployeeProfileDetail Employee header renders role, type, and status badges" name="EmployeeProfileDetail Employee header renders role, type, and status badges" time="0.099">
    </testcase>
    <testcase classname="EmployeeProfileDetail Employee header renders employee email" name="EmployeeProfileDetail Employee header renders employee email" time="0.076">
    </testcase>
    <testcase classname="EmployeeProfileDetail Employee header renders employee phone" name="EmployeeProfileDetail Employee header renders employee phone" time="0.075">
    </testcase>
    <testcase classname="EmployeeProfileDetail Employee header renders department" name="EmployeeProfileDetail Employee header renders department" time="0.052">
    </testcase>
    <testcase classname="EmployeeProfileDetail Employee header renders AI score when available" name="EmployeeProfileDetail Employee header renders AI score when available" time="0.064">
    </testcase>
    <testcase classname="EmployeeProfileDetail Superadmin permissions shows rating button for admin/supervisor" name="EmployeeProfileDetail Superadmin permissions shows rating button for admin/supervisor" time="0.107">
    </testcase>
    <testcase classname="EmployeeProfileDetail Attendance stats renders attendance stats" name="EmployeeProfileDetail Attendance stats renders attendance stats" time="0.053">
    </testcase>
    <testcase classname="EmployeeProfileDetail Attendance stats shows alert when late days &gt; 0" name="EmployeeProfileDetail Attendance stats shows alert when late days &gt; 0" time="0.046">
    </testcase>
    <testcase classname="EmployeeProfileDetail Performance rating renders latest rating card" name="EmployeeProfileDetail Performance rating renders latest rating card" time="0.098">
    </testcase>
    <testcase classname="EmployeeProfileDetail Performance rating renders strengths section" name="EmployeeProfileDetail Performance rating renders strengths section" time="0.08">
    </testcase>
    <testcase classname="EmployeeProfileDetail Performance rating renders areas for improvement" name="EmployeeProfileDetail Performance rating renders areas for improvement" time="0.079">
    </testcase>
    <testcase classname="EmployeeProfileDetail Performance rating renders general comments" name="EmployeeProfileDetail Performance rating renders general comments" time="0.104">
    </testcase>
    <testcase classname="EmployeeProfileDetail Leave balances renders leave balances" name="EmployeeProfileDetail Leave balances renders leave balances" time="0.063">
    </testcase>
    <testcase classname="EmployeeProfileDetail AI performance breakdown renders performance breakdown scores" name="EmployeeProfileDetail AI performance breakdown renders performance breakdown scores" time="0.083">
    </testcase>
    <testcase classname="EmployeeProfileDetail Identity / biography / documents renders passport number from profile" name="EmployeeProfileDetail Identity / biography / documents renders passport number from profile" time="0.078">
    </testcase>
    <testcase classname="EmployeeProfileDetail Identity / biography / documents renders nationality from profile" name="EmployeeProfileDetail Identity / biography / documents renders nationality from profile" time="0.074">
    </testcase>
    <testcase classname="EmployeeProfileDetail Identity / biography / documents renders skills from biography" name="EmployeeProfileDetail Identity / biography / documents renders skills from biography" time="0.068">
    </testcase>
    <testcase classname="EmployeeProfileDetail Identity / biography / documents renders languages from biography" name="EmployeeProfileDetail Identity / biography / documents renders languages from biography" time="0.101">
    </testcase>
    <testcase classname="EmployeeProfileDetail Identity / biography / documents renders documents section" name="EmployeeProfileDetail Identity / biography / documents renders documents section" time="0.086">
    </testcase>
    <testcase classname="EmployeeProfileDetail No rating state shows add first rating button when latestRating is null" name="EmployeeProfileDetail No rating state shows add first rating button when latestRating is null" time="0.059">
    </testcase>
    <testcase classname="EmployeeProfileDetail No rating state opens rating form when add first rating is clicked" name="EmployeeProfileDetail No rating state opens rating form when add first rating is clicked" time="0.103">
    </testcase>
    <testcase classname="EmployeeProfileDetail Supervisor rating form toggles rating form on rate button click" name="EmployeeProfileDetail Supervisor rating form toggles rating form on rate button click" time="0.128">
    </testcase>
    <testcase classname="EmployeeProfileDetail Edit modal opens edit modal on edit button click" name="EmployeeProfileDetail Edit modal opens edit modal on edit button click" time="0.095">
    </testcase>
    <testcase classname="EmployeeProfileDetail Organization scoping hides edit/delete buttons for an admin from a different organization" name="EmployeeProfileDetail Organization scoping hides edit/delete buttons for an admin from a different organization" time="0.019">
    </testcase>
    <testcase classname="EmployeeProfileDetail Organization scoping shows edit/delete/rate buttons for a superadmin regardless of organization" name="EmployeeProfileDetail Organization scoping shows edit/delete/rate buttons for a superadmin regardless of organization" time="0.035">
    </testcase>
    <testcase classname="EmployeeProfileDetail Organization scoping hides the rate button when the target is an admin (non-superadmin viewer)" name="EmployeeProfileDetail Organization scoping hides the rate button when the target is an admin (non-superadmin viewer)" time="0.047">
    </testcase>
    <testcase classname="EmployeeProfileDetail Organization scoping hides the rate button when the target is inactive (non-superadmin viewer)" name="EmployeeProfileDetail Organization scoping hides the rate button when the target is inactive (non-superadmin viewer)" time="0.039">
    </testcase>
  </testsuite>
  <testsuite name="TasksClient project filter" errors="0" failures="0" skipped="0" timestamp="2026-08-07T17:56:19" time="14.539" tests="9">
    <testcase classname="TasksClient project filter builds project filter options from loaded tasks with counts" name="TasksClient project filter builds project filter options from loaded tasks with counts" time="0.404">
    </testcase>
    <testcase classname="TasksClient project filter omits the &quot;Without project&quot; option when every task has a project" name="TasksClient project filter omits the &quot;Without project&quot; option when every task has a project" time="0.094">
    </testcase>
    <testcase classname="TasksClient project filter filters the kanban board by project" name="TasksClient project filter filters the kanban board by project" time="0.28">
    </testcase>
    <testcase classname="TasksClient project filter filters tasks without a project via the &quot;none&quot; option" name="TasksClient project filter filters tasks without a project via the &quot;none&quot; option" time="0.177">
    </testcase>
    <testcase classname="TasksClient project filter applies the project filter in list view too" name="TasksClient project filter applies the project filter in list view too" time="0.341">
    </testcase>
    <testcase classname="TasksClient project filter resets a stale project filter to &quot;all&quot; when the project disappears" name="TasksClient project filter resets a stale project filter to &quot;all&quot; when the project disappears" time="0.24">
    </testcase>
    <testcase classname="TasksClient project filter resets a stale &quot;none&quot; filter when no tasks remain without a project" name="TasksClient project filter resets a stale &quot;none&quot; filter when no tasks remain without a project" time="0.382">
    </testcase>
    <testcase classname="TasksClient project filter shows the project filter for employee role as well" name="TasksClient project filter shows the project filter for employee role as well" time="0.074">
    </testcase>
    <testcase classname="TasksClient project filter renders the loading state while tasks are not loaded" name="TasksClient project filter renders the loading state while tasks are not loaded" time="0.041">
    </testcase>
  </testsuite>
  <testsuite name="expenses read scoping" errors="0" failures="0" skipped="0" timestamp="2026-08-07T17:56:27" time="7.514" tests="49">
    <testcase classname="expenses read scoping listExpenses returns [] when unauthenticated" name="expenses read scoping listExpenses returns [] when unauthenticated" time="5.247">
    </testcase>
    <testcase classname="expenses read scoping listExpenses returns [] when asking for another organization" name="expenses read scoping listExpenses returns [] when asking for another organization" time="0.017">
    </testcase>
    <testcase classname="expenses read scoping listExpenses gives a same-org admin the whole org" name="expenses read scoping listExpenses gives a same-org admin the whole org" time="0.019">
    </testcase>
    <testcase classname="expenses read scoping listExpenses narrows an employee to their own claims, ignoring a spoofed userId" name="expenses read scoping listExpenses narrows an employee to their own claims, ignoring a spoofed userId" time="0.032">
    </testcase>
    <testcase classname="expenses read scoping getUserExpenses denies an employee reading a colleague" name="expenses read scoping getUserExpenses denies an employee reading a colleague" time="0.019">
    </testcase>
    <testcase classname="expenses read scoping getUserExpenses lets an employee read their own claims" name="expenses read scoping getUserExpenses lets an employee read their own claims" time="0.056">
    </testcase>
    <testcase classname="expenses read scoping getExpenseDetails returns the claim to its owner" name="expenses read scoping getExpenseDetails returns the claim to its owner" time="0.041">
    </testcase>
    <testcase classname="expenses read scoping getExpenseDetails hides a colleague&apos;s claim from an employee" name="expenses read scoping getExpenseDetails hides a colleague&apos;s claim from an employee" time="0.026">
    </testcase>
    <testcase classname="expenses read scoping getExpenseDetails denies a cross-org admin" name="expenses read scoping getExpenseDetails denies a cross-org admin" time="0.017">
    </testcase>
    <testcase classname="expenses read scoping listExpenseCategories returns [] for another org and rows for your own" name="expenses read scoping listExpenseCategories returns [] for another org and rows for your own" time="0.03">
    </testcase>
    <testcase classname="expenses read scoping getExpensePolicy returns null when unauthenticated" name="expenses read scoping getExpensePolicy returns null when unauthenticated" time="0.038">
    </testcase>
    <testcase classname="expenses read scoping listExpenseReports narrows an employee to their own reports" name="expenses read scoping listExpenseReports narrows an employee to their own reports" time="0.035">
    </testcase>
    <testcase classname="expenses read scoping getExpenseReportDetails denies a cross-org caller" name="expenses read scoping getExpenseReportDetails denies a cross-org caller" time="0.023">
    </testcase>
    <testcase classname="expenses read scoping getExpenseSummary totals the whole org for staff" name="expenses read scoping getExpenseSummary totals the whole org for staff" time="0.037">
    </testcase>
    <testcase classname="expenses read scoping getExpenseSummary totals only your own claims for an employee" name="expenses read scoping getExpenseSummary totals only your own claims for an employee" time="0.031">
    </testcase>
    <testcase classname="expenses write RBAC createExpense binds createdBy to the caller, ignoring the argument" name="expenses write RBAC createExpense binds createdBy to the caller, ignoring the argument" time="0.037">
    </testcase>
    <testcase classname="expenses write RBAC createExpense rejects an employee filing for someone else" name="expenses write RBAC createExpense rejects an employee filing for someone else" time="0.251">
    </testcase>
    <testcase classname="expenses write RBAC createExpense rejects a cross-org caller" name="expenses write RBAC createExpense rejects a cross-org caller" time="0.057">
    </testcase>
    <testcase classname="expenses write RBAC createExpense lets same-org staff file on behalf of an employee" name="expenses write RBAC createExpense lets same-org staff file on behalf of an employee" time="0.042">
    </testcase>
    <testcase classname="expenses write RBAC updateExpense lets the owner correct a draft" name="expenses write RBAC updateExpense lets the owner correct a draft" time="0.025">
    </testcase>
    <testcase classname="expenses write RBAC updateExpense refuses to let an owner self-approve via status" name="expenses write RBAC updateExpense refuses to let an owner self-approve via status" time="0.04">
    </testcase>
    <testcase classname="expenses write RBAC updateExpense refuses an owner setting the reimbursement method" name="expenses write RBAC updateExpense refuses an owner setting the reimbursement method" time="0.02">
    </testcase>
    <testcase classname="expenses write RBAC updateExpense refuses an owner editing an already approved claim" name="expenses write RBAC updateExpense refuses an owner editing an already approved claim" time="0.044">
    </testcase>
    <testcase classname="expenses write RBAC updateExpense denies an employee touching a colleague&apos;s claim" name="expenses write RBAC updateExpense denies an employee touching a colleague&apos;s claim" time="0.024">
    </testcase>
    <testcase classname="expenses write RBAC submitExpense denies a non-owner employee" name="expenses write RBAC submitExpense denies a non-owner employee" time="0.022">
    </testcase>
    <testcase classname="expenses write RBAC deleteExpense denies a non-owner employee" name="expenses write RBAC deleteExpense denies a non-owner employee" time="0.02">
    </testcase>
    <testcase classname="expenses review gate approveExpense rejects a plain employee" name="expenses review gate approveExpense rejects a plain employee" time="0.013">
    </testcase>
    <testcase classname="expenses review gate approveExpense rejects self-review even for an admin" name="expenses review gate approveExpense rejects self-review even for an admin" time="0.023">
    </testcase>
    <testcase classname="expenses review gate approveExpense rejects an admin who filed the claim for someone else" name="expenses review gate approveExpense rejects an admin who filed the claim for someone else" time="0.064">
    </testcase>
    <testcase classname="expenses review gate approveExpense rejects a cross-org admin" name="expenses review gate approveExpense rejects a cross-org admin" time="0.027">
    </testcase>
    <testcase classname="expenses review gate approveExpense records the verified caller, not the spoofed reviewedBy" name="expenses review gate approveExpense records the verified caller, not the spoofed reviewedBy" time="0.03">
    </testcase>
    <testcase classname="expenses review gate rejectExpense records the verified caller" name="expenses review gate rejectExpense records the verified caller" time="0.027">
    </testcase>
    <testcase classname="expenses review gate reimburseExpense rejects a plain employee" name="expenses review gate reimburseExpense rejects a plain employee" time="0.038">
    </testcase>
    <testcase classname="expenses review gate reimburseExpense allows a same-org admin on an approved claim" name="expenses review gate reimburseExpense allows a same-org admin on an approved claim" time="0.015">
    </testcase>
    <testcase classname="expenses review gate a superadmin may review across organizations" name="expenses review gate a superadmin may review across organizations" time="0.02">
    </testcase>
    <testcase classname="expense configuration is admin-only createExpenseCategory rejects a supervisor" name="expense configuration is admin-only createExpenseCategory rejects a supervisor" time="0.017">
    </testcase>
    <testcase classname="expense configuration is admin-only createExpenseCategory binds createdBy to the admin caller" name="expense configuration is admin-only createExpenseCategory binds createdBy to the admin caller" time="0.009">
    </testcase>
    <testcase classname="expense configuration is admin-only updateExpenseCategory rejects a cross-org admin" name="expense configuration is admin-only updateExpenseCategory rejects a cross-org admin" time="0.02">
    </testcase>
    <testcase classname="expense configuration is admin-only createExpensePolicy rejects a supervisor" name="expense configuration is admin-only createExpensePolicy rejects a supervisor" time="0.023">
    </testcase>
    <testcase classname="expense configuration is admin-only updateExpensePolicy allows a same-org admin" name="expense configuration is admin-only updateExpensePolicy allows a same-org admin" time="0.02">
    </testcase>
    <testcase classname="expense report RBAC createExpenseReport rejects an employee creating for someone else" name="expense report RBAC createExpenseReport rejects an employee creating for someone else" time="0.025">
    </testcase>
    <testcase classname="expense report RBAC addExpenseToReport refuses a colleague&apos;s claim" name="expense report RBAC addExpenseToReport refuses a colleague&apos;s claim" time="0.035">
    </testcase>
    <testcase classname="expense report RBAC addExpenseToReport refuses a claim from another organization" name="expense report RBAC addExpenseToReport refuses a claim from another organization" time="0.013">
    </testcase>
    <testcase classname="expense report RBAC addExpenseToReport derives organizationId from the report" name="expense report RBAC addExpenseToReport derives organizationId from the report" time="0.03">
    </testcase>
    <testcase classname="expense report RBAC removeExpenseFromReport denies a non-owner employee" name="expense report RBAC removeExpenseFromReport denies a non-owner employee" time="0.022">
    </testcase>
    <testcase classname="expense report RBAC submitExpenseReport denies a non-owner employee" name="expense report RBAC submitExpenseReport denies a non-owner employee" time="0.023">
    </testcase>
    <testcase classname="expense report RBAC approveExpenseReport rejects self-review" name="expense report RBAC approveExpenseReport rejects self-review" time="0.028">
    </testcase>
    <testcase classname="expense report RBAC approveExpenseReport records the verified caller" name="expense report RBAC approveExpenseReport records the verified caller" time="0.023">
    </testcase>
    <testcase classname="expense report RBAC rejectExpenseReport rejects a plain employee" name="expense report RBAC rejectExpenseReport rejects a plain employee" time="0.02">
    </testcase>
  </testsuite>
  <testsuite name="documentBlueprints authorization" errors="0" failures="0" skipped="0" timestamp="2026-08-07T17:56:19" time="18.406" tests="33">
    <testcase classname="documentBlueprints authorization refuses an unauthenticated caller" name="documentBlueprints authorization refuses an unauthenticated caller" time="1.561">
    </testcase>
    <testcase classname="documentBlueprints authorization refuses a plain employee" name="documentBlueprints authorization refuses a plain employee" time="0.026">
    </testcase>
    <testcase classname="documentBlueprints authorization lets a supervisor author templates but not delete them" name="documentBlueprints authorization lets a supervisor author templates but not delete them" time="0.079">
    </testcase>
    <testcase classname="documentBlueprints authorization hides another organization templates" name="documentBlueprints authorization hides another organization templates" time="0.06">
    </testcase>
    <testcase classname="documentBlueprints authorization returns an empty list rather than throwing for an employee" name="documentBlueprints authorization returns an empty list rather than throwing for an employee" time="0.039">
    </testcase>
    <testcase classname="documentBlueprints lifecycle creates a draft that is invisible to issuers until published" name="documentBlueprints lifecycle creates a draft that is invisible to issuers until published" time="1.788">
    </testcase>
    <testcase classname="documentBlueprints lifecycle snapshots the content on publish and bumps the version" name="documentBlueprints lifecycle snapshots the content on publish and bumps the version" time="0.039">
    </testcase>
    <testcase classname="documentBlueprints lifecycle refuses to publish while the mandatory language has gaps" name="documentBlueprints lifecycle refuses to publish while the mandatory language has gaps" time="0.031">
    </testcase>
    <testcase classname="documentBlueprints lifecycle rejects empty content and duplicate segment ids" name="documentBlueprints lifecycle rejects empty content and duplicate segment ids" time="0.029">
    </testcase>
    <testcase classname="documentBlueprints lifecycle refuses to edit an archived template until it is restored" name="documentBlueprints lifecycle refuses to edit an archived template until it is restored" time="0.032">
    </testcase>
    <testcase classname="documentBlueprints lifecycle duplicates with fresh segment ids and no version history" name="documentBlueprints lifecycle duplicates with fresh segment ids and no version history" time="0.022">
    </testcase>
    <testcase classname="documentBlueprints lifecycle refuses to delete a template that documents were issued from" name="documentBlueprints lifecycle refuses to delete a template that documents were issued from" time="0.027">
    </testcase>
    <testcase classname="documentBlueprints lifecycle normalises the number series" name="documentBlueprints lifecycle normalises the number series" time="0.003">
    </testcase>
    <testcase classname="issuedDocuments.issue pins the blueprint version in force at issue time" name="issuedDocuments.issue pins the blueprint version in force at issue time" time="0.06">
    </testcase>
    <testcase classname="issuedDocuments.issue refuses a language pair without the mandatory language" name="issuedDocuments.issue refuses a language pair without the mandatory language" time="0.028">
    </testcase>
    <testcase classname="issuedDocuments.issue drops a secondary language identical to the primary one" name="issuedDocuments.issue drops a secondary language identical to the primary one" time="0.038">
    </testcase>
    <testcase classname="issuedDocuments.issue skips recipients from another organization" name="issuedDocuments.issue skips recipients from another organization" time="0.02">
    </testcase>
    <testcase classname="issuedDocuments.issue rejects an unknown catalog template id" name="issuedDocuments.issue rejects an unknown catalog template id" time="0.013">
    </testcase>
    <testcase classname="issuedDocuments numbering allocates once per document, using the template series" name="issuedDocuments numbering allocates once per document, using the template series" time="0.031">
    </testcase>
    <testcase classname="issuedDocuments numbering falls back to the default series when the template has none" name="issuedDocuments numbering falls back to the default series when the template has none" time="0.02">
    </testcase>
    <testcase classname="issuedDocuments editing stores a Word override and reverts back to the template" name="issuedDocuments editing stores a Word override and reverts back to the template" time="0.03">
    </testcase>
    <testcase classname="issuedDocuments editing refuses a malformed or empty override" name="issuedDocuments editing refuses a malformed or empty override" time="0.064">
    </testcase>
    <testcase classname="issuedDocuments editing changes the language pair while the document is still a draft" name="issuedDocuments editing changes the language pair while the document is still a draft" time="0.027">
    </testcase>
    <testcase classname="issuedDocuments.sendForSignature freezes the document, links the signature request and notifies the recipient" name="issuedDocuments.sendForSignature freezes the document, links the signature request and notifies the recipient" time="0.049">
    </testcase>
    <testcase classname="issuedDocuments.sendForSignature refuses to edit, re-send, cancel or delete a frozen document" name="issuedDocuments.sendForSignature refuses to edit, re-send, cancel or delete a frozen document" time="0.057">
    </testcase>
    <testcase classname="issuedDocuments.sendForSignature refuses an empty body" name="issuedDocuments.sendForSignature refuses an empty body" time="0.021">
    </testcase>
    <testcase classname="issuedDocuments.sendForSignature refuses a countersigner from another organization" name="issuedDocuments.sendForSignature refuses a countersigner from another organization" time="0.022">
    </testcase>
    <testcase classname="issuedDocuments visibility shows an employee their sent documents but not the drafts" name="issuedDocuments visibility shows an employee their sent documents but not the drafts" time="0.038">
    </testcase>
    <testcase classname="issuedDocuments visibility keeps the registry inside the organization" name="issuedDocuments visibility keeps the registry inside the organization" time="0.026">
    </testcase>
    <testcase classname="issuedDocuments visibility counts documents by status" name="issuedDocuments visibility counts documents by status" time="0.033">
    </testcase>
    <testcase classname="issuedDocuments visibility filters and searches the registry" name="issuedDocuments visibility filters and searches the registry" time="0.041">
    </testcase>
    <testcase classname="issuedDocuments cancellation cancels a draft and then allows deleting it" name="issuedDocuments cancellation cancels a draft and then allows deleting it" time="0.025">
    </testcase>
    <testcase classname="issuedDocuments cancellation refuses every mutation from an employee" name="issuedDocuments cancellation refuses every mutation from an employee" time="0.02">
    </testcase>
  </testsuite>
  <testsuite name="onboarding.startOnboarding" errors="0" failures="0" skipped="0" timestamp="2026-08-07T17:56:19" time="18.516" tests="24">
    <testcase classname="onboarding.startOnboarding refuses an unauthenticated caller" name="onboarding.startOnboarding refuses an unauthenticated caller" time="2.158">
    </testcase>
    <testcase classname="onboarding.startOnboarding refuses a plain employee" name="onboarding.startOnboarding refuses a plain employee" time="0.042">
    </testcase>
    <testcase classname="onboarding.startOnboarding creates the default checklist when no template is given" name="onboarding.startOnboarding creates the default checklist when no template is given" time="0.122">
    </testcase>
    <testcase classname="onboarding.startOnboarding rejects an employee from another organization" name="onboarding.startOnboarding rejects an employee from another organization" time="0.027">
    </testcase>
    <testcase classname="onboarding ↔ offboarding cross-check blocks onboarding while an offboarding program is active" name="onboarding ↔ offboarding cross-check blocks onboarding while an offboarding program is active" time="0.769">
    </testcase>
    <testcase classname="onboarding ↔ offboarding cross-check cancels an active onboarding program when offboarding starts" name="onboarding ↔ offboarding cross-check cancels an active onboarding program when offboarding starts" time="0.129">
    </testcase>
    <testcase classname="offboarding.completeProgram refuses to finish while equipment-return items are open" name="offboarding.completeProgram refuses to finish while equipment-return items are open" time="0.118">
    </testcase>
    <testcase classname="offboarding.completeProgram deactivates the account, drops the session, re-points reports and cancels work" name="offboarding.completeProgram deactivates the account, drops the session, re-points reports and cancels work" time="0.061">
    </testcase>
    <testcase classname="offboarding.completeProgram refuses to let someone complete their own offboarding" name="offboarding.completeProgram refuses to let someone complete their own offboarding" time="0.036">
    </testcase>
    <testcase classname="offboarding.completeProgram hides other people’s programs from a plain employee" name="offboarding.completeProgram hides other people’s programs from a plain employee" time="0.032">
    </testcase>
    <testcase classname="onboarding task permissions lets the new hire tick their own task off but not skip it" name="onboarding task permissions lets the new hire tick their own task off but not skip it" time="0.054">
    </testcase>
    <testcase classname="offboarding notifications notifies the employee and the manager when a departure starts" name="offboarding notifications notifies the employee and the manager when a departure starts" time="0.028">
    </testcase>
    <testcase classname="offboarding notifications reminds the manager while the last day approaches and items are open" name="offboarding notifications reminds the manager while the last day approaches and items are open" time="0.051">
    </testcase>
    <testcase classname="offboarding notifications confirms completion to the manager" name="offboarding notifications confirms completion to the manager" time="0.067">
    </testcase>
    <testcase classname="migrations_orgUnits.backfillOrgUnitLinks reports without writing by default" name="migrations_orgUnits.backfillOrgUnitLinks reports without writing by default" time="0.245">
    </testcase>
    <testcase classname="migrations_orgUnits.backfillOrgUnitLinks links case-insensitively when applied" name="migrations_orgUnits.backfillOrgUnitLinks links case-insensitively when applied" time="0.017">
    </testcase>
    <testcase classname="migrations_orgUnits.backfillOrgUnitLinks creates the missing units when asked, and is idempotent" name="migrations_orgUnits.backfillOrgUnitLinks creates the missing units when asked, and is idempotent" time="0.027">
    </testcase>
    <testcase classname="migrations_orgUnits.backfillOrgUnitLinks clears a departmentId pointing at a deleted department" name="migrations_orgUnits.backfillOrgUnitLinks clears a departmentId pointing at a deleted department" time="0.018">
    </testcase>
    <testcase classname="lib/leaveBalances + lib/orgUnits falls back to the standard entitlement when the org has no config" name="lib/leaveBalances + lib/orgUnits falls back to the standard entitlement when the org has no config" time="0.016">
    </testcase>
    <testcase classname="lib/leaveBalances + lib/orgUnits prefers the organization&apos;s leaveTypeConfigs, and grants nothing for inactive types" name="lib/leaveBalances + lib/orgUnits prefers the organization&apos;s leaveTypeConfigs, and grants nothing for inactive types" time="0.014">
    </testcase>
    <testcase classname="lib/leaveBalances + lib/orgUnits reuses an existing department instead of creating a near-duplicate" name="lib/leaveBalances + lib/orgUnits reuses an existing department instead of creating a near-duplicate" time="0.018">
    </testcase>
    <testcase classname="departments/positions authorization refuses department writes from a plain employee" name="departments/positions authorization refuses department writes from a plain employee" time="0.294">
    </testcase>
    <testcase classname="departments/positions authorization refuses cross-organization department creation" name="departments/positions authorization refuses cross-organization department creation" time="0.016">
    </testcase>
    <testcase classname="departments/positions authorization keeps a department with employees from being deleted" name="departments/positions authorization keeps a department with employees from being deleted" time="0.016">
    </testcase>
  </testsuite>
  <testsuite name="ESignaturesClient" errors="0" failures="0" skipped="0" timestamp="2026-08-07T17:56:32" time="5.574" tests="15">
    <testcase classname="ESignaturesClient shows a loader when there is no user" name="ESignaturesClient shows a loader when there is no user" time="0.026">
    </testcase>
    <testcase classname="ESignaturesClient renders the header and stats" name="ESignaturesClient renders the header and stats" time="0.126">
    </testcase>
    <testcase classname="ESignaturesClient lists pending signatures with the sign action" name="ESignaturesClient lists pending signatures with the sign action" time="0.046">
    </testcase>
    <testcase classname="ESignaturesClient shows an empty pending state" name="ESignaturesClient shows an empty pending state" time="0.036">
    </testcase>
    <testcase classname="ESignaturesClient lists documents with status badges" name="ESignaturesClient lists documents with status badges" time="0.055">
    </testcase>
    <testcase classname="ESignaturesClient shows an empty documents state for non-admin users" name="ESignaturesClient shows an empty documents state for non-admin users" time="0.038">
    </testcase>
    <testcase classname="ESignaturesClient declines a pending document through the sign dialog" name="ESignaturesClient declines a pending document through the sign dialog" time="0.129">
    </testcase>
    <testcase classname="ESignaturesClient cancels a pending document from the detail dialog" name="ESignaturesClient cancels a pending document from the detail dialog" time="0.155">
    </testcase>
    <testcase classname="ESignaturesClient sends a reminder to a pending signer" name="ESignaturesClient sends a reminder to a pending signer" time="0.12">
    </testcase>
    <testcase classname="ESignaturesClient archives a completed document and attaches the signed PDF" name="ESignaturesClient archives a completed document and attaches the signed PDF" time="0.139">
    </testcase>
    <testcase classname="ESignaturesClient exports a completed document as PDF and Word" name="ESignaturesClient exports a completed document as PDF and Word" time="0.152">
    </testcase>
    <testcase classname="ESignaturesClient creates a document through the wizard" name="ESignaturesClient creates a document through the wizard" time="0.21">
    </testcase>
    <testcase classname="ESignaturesClient creates a template through the template manager" name="ESignaturesClient creates a template through the template manager" time="0.333">
    </testcase>
    <testcase classname="ESignaturesClient deletes a template through the template manager" name="ESignaturesClient deletes a template through the template manager" time="0.078">
    </testcase>
    <testcase classname="ESignaturesClient hides admin-only header buttons for non-admin users" name="ESignaturesClient hides admin-only header buttons for non-admin users" time="0.039">
    </testcase>
  </testsuite>
  <testsuite name="syncIntegration / runSync" errors="0" failures="0" skipped="0" timestamp="2026-08-07T17:56:34" time="4.626" tests="33">
    <testcase classname="syncIntegration / runSync refuses a caller who is not allowed to sync" name="syncIntegration / runSync refuses a caller who is not allowed to sync" time="0.008">
    </testcase>
    <testcase classname="syncIntegration / runSync reports an unconfigured or disabled integration" name="syncIntegration / runSync reports an unconfigured or disabled integration" time="0.003">
    </testcase>
    <testcase classname="syncIntegration / runSync runs a Lucky Carrot import and logs success" name="syncIntegration / runSync runs a Lucky Carrot import and logs success" time="0.027">
    </testcase>
    <testcase classname="syncIntegration / runSync records an error state when the sync throws" name="syncIntegration / runSync records an error state when the sync throws" time="0.007">
    </testcase>
    <testcase classname="syncIntegration / runSync returns a skipped result when auto-sync is switched off" name="syncIntegration / runSync returns a skipped result when auto-sync is switched off" time="0.003">
    </testcase>
    <testcase classname="syncLuckyCarrot import requires an API key and URL" name="syncLuckyCarrot import requires an API key and URL" time="0.002">
    </testcase>
    <testcase classname="syncLuckyCarrot import follows pagination links and batches upserts" name="syncLuckyCarrot import follows pagination links and batches upserts" time="0.013">
    </testcase>
    <testcase classname="syncLuckyCarrot import deactivates missing employees when configured and complete" name="syncLuckyCarrot import deactivates missing employees when configured and complete" time="0.006">
    </testcase>
    <testcase classname="syncLuckyCarrot import skips deactivation when the import was truncated" name="syncLuckyCarrot import skips deactivation when the import was truncated" time="0.106">
    </testcase>
    <testcase classname="syncLuckyCarrot import rejects a payload above the per-run record cap" name="syncLuckyCarrot import rejects a payload above the per-run record cap" time="0.02">
    </testcase>
    <testcase classname="syncLuckyCarrot import refuses a non-HTTPS API URL" name="syncLuckyCarrot import refuses a non-HTTPS API URL" time="0.004">
    </testcase>
    <testcase classname="syncArmsoft requires an endpoint and credentials" name="syncArmsoft requires an endpoint and credentials" time="0.004">
    </testcase>
    <testcase classname="syncArmsoft skips when neither employees nor payroll sync is enabled" name="syncArmsoft skips when neither employees nor payroll sync is enabled" time="0.002">
    </testcase>
    <testcase classname="syncArmsoft imports employees with HTTP Basic auth" name="syncArmsoft imports employees with HTTP Basic auth" time="0.01">
    </testcase>
    <testcase classname="syncArmsoft notes that payroll sync is unimplemented but still imports employees" name="syncArmsoft notes that payroll sync is unimplemented but still imports employees" time="0.003">
    </testcase>
    <testcase classname="syncImid caches the token from a client-credentials grant" name="syncImid caches the token from a client-credentials grant" time="0.01">
    </testcase>
    <testcase classname="syncImid requires client credentials" name="syncImid requires client credentials" time="0.002">
    </testcase>
    <testcase classname="syncImid requires a redirect URI when login is enabled" name="syncImid requires a redirect URI when login is enabled" time="0.003">
    </testcase>
    <testcase classname="syncImid errors when the token response carries no access token" name="syncImid errors when the token response carries no access token" time="0.003">
    </testcase>
    <testcase classname="internal config helpers setSyncState patches an existing config" name="internal config helpers setSyncState patches an existing config" time="0.002">
    </testcase>
    <testcase classname="internal config helpers setSyncState is a no-op when no config exists" name="internal config helpers setSyncState is a no-op when no config exists" time="0.001">
    </testcase>
    <testcase classname="internal config helpers cacheImidToken caches the token" name="internal config helpers cacheImidToken caches the token" time="0.002">
    </testcase>
    <testcase classname="internal config helpers logSync inserts a row with a timestamp" name="internal config helpers logSync inserts a row with a timestamp" time="0.002">
    </testcase>
    <testcase classname="internal config helpers getSyncLogs returns the last 50 logs for an admin" name="internal config helpers getSyncLogs returns the last 50 logs for an admin" time="0.003">
    </testcase>
    <testcase classname="internal config helpers getSyncLogs returns [] for a non-admin" name="internal config helpers getSyncLogs returns [] for a non-admin" time="0.001">
    </testcase>
    <testcase classname="internal config helpers listEnabledConfigs returns the scheduler-relevant fields only" name="internal config helpers listEnabledConfigs returns the scheduler-relevant fields only" time="0.003">
    </testcase>
    <testcase classname="runScheduledSyncs runs due configs and counts failures" name="runScheduledSyncs runs due configs and counts failures" time="0.006">
    </testcase>
    <testcase classname="runScheduledSyncs skips configs whose import switches are off" name="runScheduledSyncs skips configs whose import switches are off" time="0.002">
    </testcase>
    <testcase classname="runScheduledSyncs skips configs synced within the last 55 minutes" name="runScheduledSyncs skips configs synced within the last 55 minutes" time="0.002">
    </testcase>
    <testcase classname="runScheduledSyncs skips configs not due at this hour" name="runScheduledSyncs skips configs not due at this hour" time="0.002">
    </testcase>
    <testcase classname="runScheduledSyncs counts a failing sync as failed" name="runScheduledSyncs counts a failing sync as failed" time="0.003">
    </testcase>
    <testcase classname="cron helper branches isCronDueThisHour handles month and day restrictions" name="cron helper branches isCronDueThisHour handles month and day restrictions" time="0.003">
    </testcase>
    <testcase classname="cron helper branches findNextPageUrl rejects cross-origin and loop links" name="cron helper branches findNextPageUrl rejects cross-origin and loop links" time="0.006">
    </testcase>
  </testsuite>
  <testsuite name="allNamespaces" errors="0" failures="0" skipped="0" timestamp="2026-08-07T17:56:35" time="4.094" tests="8">
    <testcase classname="allNamespaces contains every app namespace with common first" name="allNamespaces contains every app namespace with common first" time="0.673">
    </testcase>
    <testcase classname="resources bundles all EN namespaces" name="resources bundles all EN namespaces" time="0.611">
    </testcase>
    <testcase classname="resources bundles only landing+common for RU/HY/DE" name="resources bundles only landing+common for RU/HY/DE" time="0.258">
    </testcase>
    <testcase classname="i18n initialization calls init with sane options" name="i18n initialization calls init with sane options" time="0.312">
    </testcase>
    <testcase classname="i18n initialization uses the language from the i18nextLng cookie" name="i18n initialization uses the language from the i18nextLng cookie" time="0.249">
    </testcase>
    <testcase classname="i18n initialization ignores unsupported languages in the cookie" name="i18n initialization ignores unsupported languages in the cookie" time="0.3">
    </testcase>
    <testcase classname="i18n initialization does not initialize twice when already initialized" name="i18n initialization does not initialize twice when already initialized" time="0.584">
    </testcase>
    <testcase classname="i18n initialization refreshes the EN resource bundles after init" name="i18n initialization refreshes the EN resource bundles after init" time="0.493">
    </testcase>
  </testsuite>
  <testsuite name="ReportBuilder" errors="0" failures="0" skipped="0" timestamp="2026-08-07T17:56:33" time="6.187" tests="25">
    <testcase classname="ReportBuilder Header &amp; Layout renders report name input" name="ReportBuilder Header &amp; Layout renders report name input" time="0.178">
    </testcase>
    <testcase classname="ReportBuilder Header &amp; Layout shows widget count" name="ReportBuilder Header &amp; Layout shows widget count" time="0.103">
    </testcase>
    <testcase classname="ReportBuilder Header &amp; Layout renders action buttons" name="ReportBuilder Header &amp; Layout renders action buttons" time="0.114">
    </testcase>
    <testcase classname="ReportBuilder Report Name allows editing report name" name="ReportBuilder Report Name allows editing report name" time="0.146">
    </testcase>
    <testcase classname="ReportBuilder Toolbar renders Add Widget buttons" name="ReportBuilder Toolbar renders Add Widget buttons" time="0.089">
    </testcase>
    <testcase classname="ReportBuilder Toolbar renders auto-refresh switch" name="ReportBuilder Toolbar renders auto-refresh switch" time="0.427">
    </testcase>
    <testcase classname="ReportBuilder Toolbar renders time range selector" name="ReportBuilder Toolbar renders time range selector" time="0.079">
    </testcase>
    <testcase classname="ReportBuilder Widget Management starts with one default widget" name="ReportBuilder Widget Management starts with one default widget" time="0.077">
    </testcase>
    <testcase classname="ReportBuilder Widget Management adds a new widget on click" name="ReportBuilder Widget Management adds a new widget on click" time="0.173">
    </testcase>
    <testcase classname="ReportBuilder Widget Management removes a widget and reduces count" name="ReportBuilder Widget Management removes a widget and reduces count" time="0.275">
    </testcase>
    <testcase classname="ReportBuilder Widget Management selects a widget on click" name="ReportBuilder Widget Management selects a widget on click" time="0.167">
    </testcase>
    <testcase classname="ReportBuilder Widget Settings shows widget title input when selected" name="ReportBuilder Widget Settings shows widget title input when selected" time="0.156">
    </testcase>
    <testcase classname="ReportBuilder Widget Settings shows chart type options when selected" name="ReportBuilder Widget Settings shows chart type options when selected" time="0.155">
    </testcase>
    <testcase classname="ReportBuilder Widget Settings shows metric selector when selected" name="ReportBuilder Widget Settings shows metric selector when selected" time="0.169">
    </testcase>
    <testcase classname="ReportBuilder Widget Settings shows period selector when selected" name="ReportBuilder Widget Settings shows period selector when selected" time="0.154">
    </testcase>
    <testcase classname="ReportBuilder Widget Settings shows group by selector when selected" name="ReportBuilder Widget Settings shows group by selector when selected" time="0.153">
    </testcase>
    <testcase classname="ReportBuilder Widget Settings shows color picker when selected" name="ReportBuilder Widget Settings shows color picker when selected" time="0.133">
    </testcase>
    <testcase classname="ReportBuilder Widget Settings updates widget title" name="ReportBuilder Widget Settings updates widget title" time="0.252">
    </testcase>
    <testcase classname="ReportBuilder Widget Settings changes chart type on click" name="ReportBuilder Widget Settings changes chart type on click" time="0.24">
    </testcase>
    <testcase classname="ReportBuilder Preview Mode toggles to preview mode" name="ReportBuilder Preview Mode toggles to preview mode" time="0.078">
    </testcase>
    <testcase classname="ReportBuilder Preview Mode shows widget title and metric badge in preview mode" name="ReportBuilder Preview Mode shows widget title and metric badge in preview mode" time="0.073">
    </testcase>
    <testcase classname="ReportBuilder Preview Mode shows chart component in preview mode" name="ReportBuilder Preview Mode shows chart component in preview mode" time="0.108">
    </testcase>
    <testcase classname="ReportBuilder Empty State shows no widget selected message when no widget is selected in edit mode" name="ReportBuilder Empty State shows no widget selected message when no widget is selected in edit mode" time="0.091">
    </testcase>
    <testcase classname="ReportBuilder Empty State shows chart type badges in empty state" name="ReportBuilder Empty State shows chart type badges in empty state" time="0.079">
    </testcase>
    <testcase classname="ReportBuilder Auto-Refresh Toggle toggles auto-refresh off" name="ReportBuilder Auto-Refresh Toggle toggles auto-refresh off" time="0.157">
    </testcase>
  </testsuite>
  <testsuite name="offboarding.startOffboarding" errors="0" failures="0" skipped="0" timestamp="2026-08-07T17:56:38" time="1.709" tests="20">
    <testcase classname="offboarding.startOffboarding spawns the full checklist, an exit interview and an audit row" name="offboarding.startOffboarding spawns the full checklist, an exit interview and an audit row" time="0.091">
    </testcase>
    <testcase classname="offboarding.startOffboarding refuses an employee from another organization" name="offboarding.startOffboarding refuses an employee from another organization" time="0.297">
    </testcase>
    <testcase classname="offboarding.startOffboarding refuses a manager from another organization" name="offboarding.startOffboarding refuses a manager from another organization" time="0.01">
    </testcase>
    <testcase classname="offboarding.startOffboarding refuses a duplicate active program" name="offboarding.startOffboarding refuses a duplicate active program" time="0.03">
    </testcase>
    <testcase classname="offboarding.startOffboarding only a superadmin can offboard a superadmin account" name="offboarding.startOffboarding only a superadmin can offboard a superadmin account" time="0.045">
    </testcase>
    <testcase classname="offboarding task management lets the assignee complete their own step, but not a third party" name="offboarding task management lets the assignee complete their own step, but not a third party" time="0.022">
    </testcase>
    <testcase classname="offboarding task management refuses to complete a task on a non-active program" name="offboarding task management refuses to complete a task on a non-active program" time="0.02">
    </testcase>
    <testcase classname="offboarding task management skipTask is staff-only" name="offboarding task management skipTask is staff-only" time="0.032">
    </testcase>
    <testcase classname="offboarding task management staff can add a custom step; refuses a foreign assignee" name="offboarding task management staff can add a custom step; refuses a foreign assignee" time="0.029">
    </testcase>
    <testcase classname="offboarding exit interviews HR submits the interview on behalf of the leaver" name="offboarding exit interviews HR submits the interview on behalf of the leaver" time="0.034">
    </testcase>
    <testcase classname="offboarding exit interviews the departing employee may fill in their own interview" name="offboarding exit interviews the departing employee may fill in their own interview" time="0.031">
    </testcase>
    <testcase classname="offboarding exit interviews blocks an unrelated employee and rejects out-of-range scores" name="offboarding exit interviews blocks an unrelated employee and rejects out-of-range scores" time="0.052">
    </testcase>
    <testcase classname="offboarding.getRetentionInsights aggregates completed exits, reasons and recommend rate" name="offboarding.getRetentionInsights aggregates completed exits, reasons and recommend rate" time="0.038">
    </testcase>
    <testcase classname="offboarding.getRetentionInsights degrades to zeros for non-staff" name="offboarding.getRetentionInsights degrades to zeros for non-staff" time="0.014">
    </testcase>
    <testcase classname="offboarding.completeProgram edge cases force-finishes despite open equipment-return items" name="offboarding.completeProgram edge cases force-finishes despite open equipment-return items" time="0.037">
    </testcase>
    <testcase classname="offboarding.completeProgram edge cases leaves approved future leave untouched but reports it" name="offboarding.completeProgram edge cases leaves approved future leave untouched but reports it" time="0.033">
    </testcase>
    <testcase classname="offboarding.completeProgram edge cases rejects pending leave starting after the last day and keeps earlier ones" name="offboarding.completeProgram edge cases rejects pending leave starting after the last day and keeps earlier ones" time="0.051">
    </testcase>
    <testcase classname="offboarding.completeProgram edge cases avoids a supervisor cycle when re-pointing direct reports" name="offboarding.completeProgram edge cases avoids a supervisor cycle when re-pointing direct reports" time="0.057">
    </testcase>
    <testcase classname="offboarding.cancelProgram cancels the program and writes an audit row" name="offboarding.cancelProgram cancels the program and writes an audit row" time="0.044">
    </testcase>
    <testcase classname="offboarding.cancelProgram cannot cancel an already-completed program" name="offboarding.cancelProgram cannot cancel an already-completed program" time="0.046">
    </testcase>
  </testsuite>
  <testsuite name="leaveAccrual.getLeavePolicies" errors="0" failures="0" skipped="0" timestamp="2026-08-07T17:56:38" time="1.956" tests="13">
    <testcase classname="leaveAccrual.getLeavePolicies returns the default policies without touching the DB" name="leaveAccrual.getLeavePolicies returns the default policies without touching the DB" time="0.765">
    </testcase>
    <testcase classname="leaveAccrual.adjustBalance rejects unauthenticated callers" name="leaveAccrual.adjustBalance rejects unauthenticated callers" time="0.202">
    </testcase>
    <testcase classname="leaveAccrual.adjustBalance rejects a plain employee" name="leaveAccrual.adjustBalance rejects a plain employee" time="0.028">
    </testcase>
    <testcase classname="leaveAccrual.adjustBalance patches both the user and the userProfiles table and writes an audit row" name="leaveAccrual.adjustBalance patches both the user and the userProfiles table and writes an audit row" time="0.029">
    </testcase>
    <testcase classname="leaveAccrual.adjustBalance only touches the users table when no profile exists yet" name="leaveAccrual.adjustBalance only touches the users table when no profile exists yet" time="0.026">
    </testcase>
    <testcase classname="leaveAccrual.adjustBalance clamps the balance at zero for a delta larger than the balance" name="leaveAccrual.adjustBalance clamps the balance at zero for a delta larger than the balance" time="0.047">
    </testcase>
    <testcase classname="leaveAccrual.accrueAnnualBalances accrues full balances for staff and half for contractors" name="leaveAccrual.accrueAnnualBalances accrues full balances for staff and half for contractors" time="0.026">
    </testcase>
    <testcase classname="leaveAccrual.getBalanceSummary counts only this year&apos;s approved leaves against the stored balance" name="leaveAccrual.getBalanceSummary counts only this year&apos;s approved leaves against the stored balance" time="0.029">
    </testcase>
    <testcase classname="leaveAccrual.getBalanceSummary returns null for an unknown user" name="leaveAccrual.getBalanceSummary returns null for an unknown user" time="0.011">
    </testcase>
    <testcase classname="leaveAccrual.getMyLeaveMoney values remaining leave in AMD and runs the real tax engine" name="leaveAccrual.getMyLeaveMoney values remaining leave in AMD and runs the real tax engine" time="0.033">
    </testcase>
    <testcase classname="leaveAccrual.getMyLeaveMoney blocks a supervisor from a different org" name="leaveAccrual.getMyLeaveMoney blocks a supervisor from a different org" time="0.015">
    </testcase>
    <testcase classname="leaveAccrual.getAccrualHistory lists only bulk-accrual audit rows with parsed details, newest first" name="leaveAccrual.getAccrualHistory lists only bulk-accrual audit rows with parsed details, newest first" time="0.024">
    </testcase>
    <testcase classname="leaveAccrual.getAccrualHistory returns an empty list when nothing has been accrued" name="leaveAccrual.getAccrualHistory returns an empty list when nothing has been accrued" time="0.01">
    </testcase>
  </testsuite>
  <testsuite name="RecruitmentClient" errors="0" failures="0" skipped="0" timestamp="2026-08-07T17:56:33" time="7.406" tests="20">
    <testcase classname="RecruitmentClient shows a loader when there is no user" name="RecruitmentClient shows a loader when there is no user" time="0.065">
    </testcase>
    <testcase classname="RecruitmentClient shows a loader while vacancies are loading" name="RecruitmentClient shows a loader while vacancies are loading" time="0.07">
    </testcase>
    <testcase classname="RecruitmentClient renders the header and stats" name="RecruitmentClient renders the header and stats" time="0.315">
    </testcase>
    <testcase classname="RecruitmentClient renders each vacancy with title, status and candidate count" name="RecruitmentClient renders each vacancy with title, status and candidate count" time="0.097">
    </testcase>
    <testcase classname="RecruitmentClient shows an empty state when there are no vacancies" name="RecruitmentClient shows an empty state when there are no vacancies" time="0.044">
    </testcase>
    <testcase classname="RecruitmentClient hides admin-only controls for non-admin users" name="RecruitmentClient hides admin-only controls for non-admin users" time="0.089">
    </testcase>
    <testcase classname="RecruitmentClient creates a vacancy through the wizard" name="RecruitmentClient creates a vacancy through the wizard" time="0.459">
    </testcase>
    <testcase classname="RecruitmentClient keeps the Next button disabled until a title is entered" name="RecruitmentClient keeps the Next button disabled until a title is entered" time="0.15">
    </testcase>
    <testcase classname="RecruitmentClient generates a description with AI when a title is present" name="RecruitmentClient generates a description with AI when a title is present" time="0.309">
    </testcase>
    <testcase classname="RecruitmentClient validates the email before adding a candidate" name="RecruitmentClient validates the email before adding a candidate" time="0.231">
    </testcase>
    <testcase classname="RecruitmentClient adds a candidate when the email is valid" name="RecruitmentClient adds a candidate when the email is valid" time="0.266">
    </testcase>
    <testcase classname="RecruitmentClient deletes a vacancy after confirmation" name="RecruitmentClient deletes a vacancy after confirmation" time="0.167">
    </testcase>
    <testcase classname="RecruitmentClient shows the pipeline tab with open vacancies and a kanban board" name="RecruitmentClient shows the pipeline tab with open vacancies and a kanban board" time="0.205">
    </testcase>
    <testcase classname="RecruitmentClient moves a candidate forward in the pipeline" name="RecruitmentClient moves a candidate forward in the pipeline" time="0.201">
    </testcase>
    <testcase classname="RecruitmentClient opens the candidate detail dialog and shows candidate info" name="RecruitmentClient opens the candidate detail dialog and shows candidate info" time="0.209">
    </testcase>
    <testcase classname="RecruitmentClient rejects a candidate from the detail dialog" name="RecruitmentClient rejects a candidate from the detail dialog" time="0.268">
    </testcase>
    <testcase classname="RecruitmentClient removes a candidate from the detail dialog" name="RecruitmentClient removes a candidate from the detail dialog" time="0.27">
    </testcase>
    <testcase classname="RecruitmentClient shows my interviews in the interviews tab" name="RecruitmentClient shows my interviews in the interviews tab" time="0.071">
    </testcase>
    <testcase classname="RecruitmentClient shows an empty interviews state" name="RecruitmentClient shows an empty interviews state" time="0.071">
    </testcase>
    <testcase classname="RecruitmentClient loads and saves an edited vacancy" name="RecruitmentClient loads and saves an edited vacancy" time="0.363">
    </testcase>
  </testsuite>
  <testsuite name="sanitizeString" errors="0" failures="0" skipped="0" timestamp="2026-08-07T17:56:38" time="2.387" tests="217">
    <testcase classname="sanitizeString removes HTML tags" name="sanitizeString removes HTML tags" time="0.008">
    </testcase>
    <testcase classname="sanitizeString removes javascript: protocol" name="sanitizeString removes javascript: protocol" time="0.002">
    </testcase>
    <testcase classname="sanitizeString removes event handlers" name="sanitizeString removes event handlers" time="0.001">
    </testcase>
    <testcase classname="sanitizeString removes data:text/html" name="sanitizeString removes data:text/html" time="0.001">
    </testcase>
    <testcase classname="sanitizeString returns empty string for non-string input" name="sanitizeString returns empty string for non-string input" time="0.001">
    </testcase>
    <testcase classname="sanitizeHTML allows whitelisted tags" name="sanitizeHTML allows whitelisted tags" time="0.002">
    </testcase>
    <testcase classname="sanitizeHTML removes non-whitelisted tags" name="sanitizeHTML removes non-whitelisted tags" time="0.001">
    </testcase>
    <testcase classname="sanitizeHTML preserves case of allowed tags" name="sanitizeHTML preserves case of allowed tags" time="0.001">
    </testcase>
    <testcase classname="sanitizeObject sanitizes all string values in an object" name="sanitizeObject sanitizes all string values in an object" time="0.001">
    </testcase>
    <testcase classname="sanitizeObject handles nested objects recursively" name="sanitizeObject handles nested objects recursively" time="0.002">
    </testcase>
    <testcase classname="sanitizeObject preserves null and numbers" name="sanitizeObject preserves null and numbers" time="0.001">
    </testcase>
    <testcase classname="validateEmail accepts valid emails" name="validateEmail accepts valid emails" time="0.002">
    </testcase>
    <testcase classname="validateEmail rejects invalid emails" name="validateEmail rejects invalid emails" time="0.002">
    </testcase>
    <testcase classname="validateEmail rejects emails with double dots" name="validateEmail rejects emails with double dots" time="0.001">
    </testcase>
    <testcase classname="validateEmail rejects emails longer than 254 chars" name="validateEmail rejects emails longer than 254 chars" time="0.001">
    </testcase>
    <testcase classname="validatePhone accepts valid phone numbers" name="validatePhone accepts valid phone numbers" time="0.001">
    </testcase>
    <testcase classname="validatePhone rejects phones with invalid characters" name="validatePhone rejects phones with invalid characters" time="0">
    </testcase>
    <testcase classname="validatePhone rejects phones that are too short" name="validatePhone rejects phones that are too short" time="0.001">
    </testcase>
    <testcase classname="validatePhone rejects phones that are too long" name="validatePhone rejects phones that are too long" time="0.001">
    </testcase>
    <testcase classname="validateURL accepts valid HTTP URLs" name="validateURL accepts valid HTTP URLs" time="0.005">
    </testcase>
    <testcase classname="validateURL rejects invalid protocols" name="validateURL rejects invalid protocols" time="0.002">
    </testcase>
    <testcase classname="validateURL rejects malformed URLs" name="validateURL rejects malformed URLs" time="0">
    </testcase>
    <testcase classname="containsSQLInjection detects SELECT statements" name="containsSQLInjection detects SELECT statements" time="0.001">
    </testcase>
    <testcase classname="containsSQLInjection detects UNION statements" name="containsSQLInjection detects UNION statements" time="0.001">
    </testcase>
    <testcase classname="containsSQLInjection detects DROP statements" name="containsSQLInjection detects DROP statements" time="0">
    </testcase>
    <testcase classname="containsSQLInjection detects OR-based injection" name="containsSQLInjection detects OR-based injection" time="0.001">
    </testcase>
    <testcase classname="containsSQLInjection allows normal text" name="containsSQLInjection allows normal text" time="0">
    </testcase>
    <testcase classname="containsXSS detects script tags" name="containsXSS detects script tags" time="0.001">
    </testcase>
    <testcase classname="containsXSS detects iframe tags" name="containsXSS detects iframe tags" time="0.001">
    </testcase>
    <testcase classname="containsXSS detects javascript: protocol" name="containsXSS detects javascript: protocol" time="0">
    </testcase>
    <testcase classname="containsXSS detects event handlers" name="containsXSS detects event handlers" time="0">
    </testcase>
    <testcase classname="containsXSS detects eval()" name="containsXSS detects eval()" time="0">
    </testcase>
    <testcase classname="containsXSS allows normal HTML" name="containsXSS allows normal HTML" time="0.001">
    </testcase>
    <testcase classname="validatePassword rejects passwords shorter than 8 chars" name="validatePassword rejects passwords shorter than 8 chars" time="0.001">
    </testcase>
    <testcase classname="validatePassword rejects passwords without uppercase" name="validatePassword rejects passwords without uppercase" time="0.001">
    </testcase>
    <testcase classname="validatePassword rejects passwords without lowercase" name="validatePassword rejects passwords without lowercase" time="0">
    </testcase>
    <testcase classname="validatePassword rejects passwords without numbers" name="validatePassword rejects passwords without numbers" time="0.003">
    </testcase>
    <testcase classname="validatePassword rejects passwords without special chars" name="validatePassword rejects passwords without special chars" time="0.001">
    </testcase>
    <testcase classname="validatePassword rejects common passwords" name="validatePassword rejects common passwords" time="0.002">
    </testcase>
    <testcase classname="validatePassword accepts strong passwords" name="validatePassword accepts strong passwords" time="0.002">
    </testcase>
    <testcase classname="maskSensitiveData masks all but last N characters" name="maskSensitiveData masks all but last N characters" time="0.001">
    </testcase>
    <testcase classname="maskSensitiveData returns *** for empty string" name="maskSensitiveData returns *** for empty string" time="0.001">
    </testcase>
    <testcase classname="maskSensitiveData handles string shorter than showLast" name="maskSensitiveData handles string shorter than showLast" time="0">
    </testcase>
    <testcase classname="maskSensitiveData shows full mask when showLast is 0" name="maskSensitiveData shows full mask when showLast is 0" time="0">
    </testcase>
    <testcase classname="containsSensitiveData detects credit card numbers" name="containsSensitiveData detects credit card numbers" time="0.001">
    </testcase>
    <testcase classname="containsSensitiveData detects SSN patterns" name="containsSensitiveData detects SSN patterns" time="0.002">
    </testcase>
    <testcase classname="containsSensitiveData detects email addresses" name="containsSensitiveData detects email addresses" time="0.001">
    </testcase>
    <testcase classname="containsSensitiveData allows normal text" name="containsSensitiveData allows normal text" time="0.002">
    </testcase>
    <testcase classname="generateSecurePassword generates password of correct length" name="generateSecurePassword generates password of correct length" time="0.007">
    </testcase>
    <testcase classname="generateSecurePassword contains at least one uppercase letter" name="generateSecurePassword contains at least one uppercase letter" time="0.004">
    </testcase>
    <testcase classname="generateSecurePassword contains at least one lowercase letter" name="generateSecurePassword contains at least one lowercase letter" time="0.002">
    </testcase>
    <testcase classname="generateSecurePassword contains at least one number" name="generateSecurePassword contains at least one number" time="0.001">
    </testcase>
    <testcase classname="generateSecurePassword contains at least one special character" name="generateSecurePassword contains at least one special character" time="0.001">
    </testcase>
    <testcase classname="generateAPIKey generates key with correct format" name="generateAPIKey generates key with correct format" time="0.002">
    </testcase>
    <testcase classname="validateAPIKeyFormat accepts valid API key format" name="validateAPIKeyFormat accepts valid API key format" time="0.002">
    </testcase>
    <testcase classname="validateAPIKeyFormat rejects invalid prefix" name="validateAPIKeyFormat rejects invalid prefix" time="0.001">
    </testcase>
    <testcase classname="validateAPIKeyFormat rejects wrong length" name="validateAPIKeyFormat rejects wrong length" time="0.001">
    </testcase>
    <testcase classname="validateAPIKeyFormat rejects non-hex characters" name="validateAPIKeyFormat rejects non-hex characters" time="0.001">
    </testcase>
    <testcase classname="hashAPIKey produces consistent hash for same input" name="hashAPIKey produces consistent hash for same input" time="0.002">
    </testcase>
    <testcase classname="hashAPIKey produces different hash for different input" name="hashAPIKey produces different hash for different input" time="0.001">
    </testcase>
    <testcase classname="validateFile rejects oversized files" name="validateFile rejects oversized files" time="1.236">
    </testcase>
    <testcase classname="validateFile rejects invalid mime types" name="validateFile rejects invalid mime types" time="0.01">
    </testcase>
    <testcase classname="validateFile rejects invalid extensions" name="validateFile rejects invalid extensions" time="0.001">
    </testcase>
    <testcase classname="validateFile accepts valid image files" name="validateFile accepts valid image files" time="0.001">
    </testcase>
    <testcase classname="logSecurityEvent logs security events without throwing" name="logSecurityEvent logs security events without throwing" time="0.002">
    </testcase>
    <testcase classname="sanitizeString - parameterized sanitizes dangerous input: &lt;script&gt;alert(1)&lt;/script&gt;" name="sanitizeString - parameterized sanitizes dangerous input: &lt;script&gt;alert(1)&lt;/script&gt;" time="0.002">
    </testcase>
    <testcase classname="sanitizeString - parameterized sanitizes dangerous input: &lt;img src=x onerror=alert(1)&gt;" name="sanitizeString - parameterized sanitizes dangerous input: &lt;img src=x onerror=alert(1)&gt;" time="0.001">
    </testcase>
    <testcase classname="sanitizeString - parameterized sanitizes dangerous input: &lt;p&gt;Hello&lt;/p&gt;" name="sanitizeString - parameterized sanitizes dangerous input: &lt;p&gt;Hello&lt;/p&gt;" time="0.003">
    </testcase>
    <testcase classname="sanitizeString - parameterized sanitizes dangerous input: &lt;div&gt;&lt;span&gt;text&lt;/span&gt;&lt;/div&gt;" name="sanitizeString - parameterized sanitizes dangerous input: &lt;div&gt;&lt;span&gt;text&lt;/span&gt;&lt;/div&gt;" time="0.126">
    </testcase>
[...]
    </testcase>
    <testcase classname="Strategy Maps — progress color mapping returns red for low progress" name="Strategy Maps — progress color mapping returns red for low progress" time="0.003">
    </testcase>
    <testcase classname="Strategy Maps — progress color mapping has consistent color boundaries with getHealth" name="Strategy Maps — progress color mapping has consistent color boundaries with getHealth" time="0.004">
    </testcase>
  </testsuite>
  <testsuite name="getServerUser" errors="0" failures="0" skipped="0" timestamp="2026-08-07T17:57:17" time="0.441" tests="6">
    <testcase classname="getServerUser returns JWT payload when hr-auth-token cookie is valid" name="getServerUser returns JWT payload when hr-auth-token cookie is valid" time="0.004">
    </testcase>
    <testcase classname="getServerUser falls back to NextAuth and resolves the Convex _id from the email" name="getServerUser falls back to NextAuth and resolves the Convex _id from the email" time="0.005">
    </testcase>
    <testcase classname="getServerUser falls back to NextAuth when the JWT cookie is invalid" name="getServerUser falls back to NextAuth when the JWT cookie is invalid" time="0.003">
    </testcase>
    <testcase classname="getServerUser keeps the session payload but empties userId when the convex user is missing" name="getServerUser keeps the session payload but empties userId when the convex user is missing" time="0.002">
    </testcase>
    <testcase classname="getServerUser returns null when both auth methods fail" name="getServerUser returns null when both auth methods fail" time="0.003">
    </testcase>
    <testcase classname="getServerUser returns null when NextAuth throws" name="getServerUser returns null when NextAuth throws" time="0.001">
    </testcase>
  </testsuite>
  <testsuite name="useOrgSelectorStore" errors="0" failures="0" skipped="0" timestamp="2026-08-07T17:57:17" time="0.386" tests="7">
    <testcase classname="useOrgSelectorStore initial state starts with null selectedOrgId" name="useOrgSelectorStore initial state starts with null selectedOrgId" time="0.006">
    </testcase>
    <testcase classname="useOrgSelectorStore setSelectedOrgId sets selectedOrgId to given value" name="useOrgSelectorStore setSelectedOrgId sets selectedOrgId to given value" time="0.002">
    </testcase>
    <testcase classname="useOrgSelectorStore setSelectedOrgId sets selectedOrgId to null when passed null" name="useOrgSelectorStore setSelectedOrgId sets selectedOrgId to null when passed null" time="0.005">
    </testcase>
    <testcase classname="useOrgSelectorStore setSelectedOrgId overwrites previous selection" name="useOrgSelectorStore setSelectedOrgId overwrites previous selection" time="0.001">
    </testcase>
    <testcase classname="useOrgSelectorStore clearSelection resets selectedOrgId to null" name="useOrgSelectorStore clearSelection resets selectedOrgId to null" time="0.001">
    </testcase>
    <testcase classname="useOrgSelectorStore clearSelection is safe to call when already null" name="useOrgSelectorStore clearSelection is safe to call when already null" time="0.002">
    </testcase>
    <testcase classname="useOrgSelectorStore persist persists selectedOrgId to localStorage" name="useOrgSelectorStore persist persists selectedOrgId to localStorage" time="0.001">
    </testcase>
  </testsuite>
  <testsuite name="normalizeTaxId" errors="0" failures="0" skipped="0" timestamp="2026-08-07T17:57:17" time="0.512" tests="14">
    <testcase classname="normalizeTaxId strips spaces and dashes" name="normalizeTaxId strips spaces and dashes" time="0.003">
    </testcase>
    <testcase classname="normalizeTaxId drops non-digit characters" name="normalizeTaxId drops non-digit characters" time="0.001">
    </testcase>
    <testcase classname="normalizeTaxId returns empty for empty input" name="normalizeTaxId returns empty for empty input" time="0.002">
    </testcase>
    <testcase classname="isValidTaxIdFormat accepts exactly 8 digits" name="isValidTaxIdFormat accepts exactly 8 digits" time="0.001">
    </testcase>
    <testcase classname="isValidTaxIdFormat rejects wrong lengths" name="isValidTaxIdFormat rejects wrong lengths" time="0.002">
    </testcase>
    <testcase classname="isValidTaxIdFormat rejects non-digits" name="isValidTaxIdFormat rejects non-digits" time="0">
    </testcase>
    <testcase classname="isValidTaxIdChecksum accepts a number built by the heuristic" name="isValidTaxIdChecksum accepts a number built by the heuristic" time="0.002">
    </testcase>
    <testcase classname="isValidTaxIdChecksum rejects a tampered check digit" name="isValidTaxIdChecksum rejects a tampered check digit" time="0.003">
    </testcase>
    <testcase classname="isValidTaxIdChecksum returns false for a number with remainder 10 (cannot match a digit)" name="isValidTaxIdChecksum returns false for a number with remainder 10 (cannot match a digit)" time="0.01">
    </testcase>
    <testcase classname="isValidTaxIdChecksum rejects non-format input" name="isValidTaxIdChecksum rejects non-format input" time="0">
    </testcase>
    <testcase classname="validateTaxId reports format errors" name="validateTaxId reports format errors" time="0.001">
    </testcase>
    <testcase classname="validateTaxId reports empty input" name="validateTaxId reports empty input" time="0.001">
    </testcase>
    <testcase classname="maskTaxId keeps only first 2 and last 2 digits" name="maskTaxId keeps only first 2 and last 2 digits" time="0.001">
    </testcase>
    <testcase classname="maskTaxId handles short input" name="maskTaxId handles short input" time="0.002">
    </testcase>
  </testsuite>
  <testsuite name="getServerConvexAuth" errors="0" failures="0" skipped="0" timestamp="2026-08-07T17:57:17" time="0.39" tests="4">
    <testcase classname="getServerConvexAuth returns payload + token when hr-auth-token is valid" name="getServerConvexAuth returns payload + token when hr-auth-token is valid" time="0.02">
    </testcase>
    <testcase classname="getServerConvexAuth falls back to oauth-session cookie when hr-auth-token is absent" name="getServerConvexAuth falls back to oauth-session cookie when hr-auth-token is absent" time="0.006">
    </testcase>
    <testcase classname="getServerConvexAuth returns null when no cookie exists" name="getServerConvexAuth returns null when no cookie exists" time="0.007">
    </testcase>
    <testcase classname="getServerConvexAuth returns null when JWT verification fails" name="getServerConvexAuth returns null when JWT verification fails" time="0.002">
    </testcase>
  </testsuite>
  <testsuite name="resolvePensionExemption" errors="0" failures="0" skipped="0" timestamp="2026-08-07T17:57:18" time="0.321" tests="6">
    <testcase classname="resolvePensionExemption defaults to NOT exempt when nothing is known" name="resolvePensionExemption defaults to NOT exempt when nothing is known" time="0.002">
    </testcase>
    <testcase classname="resolvePensionExemption uses the explicit flag with highest priority" name="resolvePensionExemption uses the explicit flag with highest priority" time="0.002">
    </testcase>
    <testcase classname="resolvePensionExemption derives exemption from birthYear: born before 1974 is exempt" name="resolvePensionExemption derives exemption from birthYear: born before 1974 is exempt" time="0.001">
    </testcase>
    <testcase classname="resolvePensionExemption derives exemption from dateOfBirth (ISO yyyy-mm-dd)" name="resolvePensionExemption derives exemption from dateOfBirth (ISO yyyy-mm-dd)" time="0.001">
    </testcase>
    <testcase classname="resolvePensionExemption falls back to dateOfBirth when birthYear is missing" name="resolvePensionExemption falls back to dateOfBirth when birthYear is missing" time="0.001">
    </testcase>
    <testcase classname="resolvePensionExemption ignores malformed dateOfBirth" name="resolvePensionExemption ignores malformed dateOfBirth" time="0.004">
    </testcase>
  </testsuite>
  <testsuite name="sendTelegramNotification" errors="0" failures="0" skipped="0" timestamp="2026-08-07T17:57:17" time="0.46" tests="7">
    <testcase classname="sendTelegramNotification returns false when token is missing" name="sendTelegramNotification returns false when token is missing" time="0.01">
    </testcase>
    <testcase classname="sendTelegramNotification returns false when chatId is missing" name="sendTelegramNotification returns false when chatId is missing" time="0.004">
    </testcase>
    <testcase classname="sendTelegramNotification returns false when both are missing" name="sendTelegramNotification returns false when both are missing" time="0.004">
    </testcase>
    <testcase classname="sendTelegramNotification returns true when API call succeeds" name="sendTelegramNotification returns true when API call succeeds" time="0.006">
    </testcase>
    <testcase classname="sendTelegramNotification returns false when API call fails" name="sendTelegramNotification returns false when API call fails" time="0.004">
    </testcase>
    <testcase classname="sendTelegramNotification returns false when fetch throws" name="sendTelegramNotification returns false when fetch throws" time="0.004">
    </testcase>
    <testcase classname="sendTelegramNotification sends HTML parse mode" name="sendTelegramNotification sends HTML parse mode" time="0.004">
    </testcase>
  </testsuite>
  <testsuite name="validateEnvironment" errors="0" failures="0" skipped="0" timestamp="2026-08-07T17:57:18" time="0.534" tests="9">
    <testcase classname="validateEnvironment passes when all required env vars are present" name="validateEnvironment passes when all required env vars are present" time="0.015">
    </testcase>
    <testcase classname="validateEnvironment throws when required env vars are missing" name="validateEnvironment throws when required env vars are missing" time="0.064">
    </testcase>
    <testcase classname="validateEnvironment throws with specific missing variable names" name="validateEnvironment throws with specific missing variable names" time="0.003">
    </testcase>
    <testcase classname="validateEnvironment throws when single required var is missing" name="validateEnvironment throws when single required var is missing" time="0.003">
    </testcase>
    <testcase classname="getEnv returns env value when present" name="getEnv returns env value when present" time="0.001">
    </testcase>
    <testcase classname="getEnv returns default value when env missing" name="getEnv returns default value when env missing" time="0.001">
    </testcase>
    <testcase classname="getEnv throws when env missing and no default" name="getEnv throws when env missing and no default" time="0.002">
    </testcase>
    <testcase classname="getEnv returns env value over default when both exist" name="getEnv returns env value over default when both exist" time="0">
    </testcase>
    <testcase classname="getEnv throws when default is empty string (falsy fallback)" name="getEnv throws when default is empty string (falsy fallback)" time="0.004">
    </testcase>
  </testsuite>
  <testsuite name="useSubscription" errors="0" failures="0" skipped="0" timestamp="2026-08-07T17:57:18" time="0.317" tests="6">
    <testcase classname="useSubscription returns loading state when query is undefined" name="useSubscription returns loading state when query is undefined" time="0.004">
    </testcase>
    <testcase classname="useSubscription returns active state with starter plan" name="useSubscription returns active state with starter plan" time="0.002">
    </testcase>
    <testcase classname="useSubscription returns active state with professional plan" name="useSubscription returns active state with professional plan" time="0">
    </testcase>
    <testcase classname="useSubscription returns active state with enterprise plan" name="useSubscription returns active state with enterprise plan" time="0.002">
    </testcase>
    <testcase classname="useSubscription falls back to starter when organization has no plan field" name="useSubscription falls back to starter when organization has no plan field" time="0.001">
    </testcase>
    <testcase classname="useSubscription falls back to starter when organization is null" name="useSubscription falls back to starter when organization is null" time="0.002">
    </testcase>
  </testsuite>
  <testsuite name="getTranslation" errors="0" failures="0" skipped="0" timestamp="2026-08-07T17:57:18" time="0.436" tests="13">
    <testcase classname="getTranslation returns the key itself for unknown keys" name="getTranslation returns the key itself for unknown keys" time="0.004">
    </testcase>
    <testcase classname="getTranslation returns the English text for the en locale" name="getTranslation returns the English text for the en locale" time="0.001">
    </testcase>
    <testcase classname="getTranslation returns the Russian text for the ru locale" name="getTranslation returns the Russian text for the ru locale" time="0.001">
    </testcase>
    <testcase classname="getTranslation returns the Armenian text for the hy locale" name="getTranslation returns the Armenian text for the hy locale" time="0.001">
    </testcase>
    <testcase classname="getTranslation substitutes {ticketNumber} placeholders" name="getTranslation substitutes {ticketNumber} placeholders" time="0.002">
    </testcase>
    <testcase classname="getTranslation substitutes multiple placeholders" name="getTranslation substitutes multiple placeholders" time="0.001">
    </testcase>
    <testcase classname="getTranslation falls back to English for unknown locales" name="getTranslation falls back to English for unknown locales" time="0">
    </testcase>
    <testcase classname="getTranslation falls back to the key itself when no locale has a translation" name="getTranslation falls back to the key itself when no locale has a translation" time="0.001">
    </testcase>
    <testcase classname="getUserLocale returns hy for Armenian" name="getUserLocale returns hy for Armenian" time="0.001">
    </testcase>
    <testcase classname="getUserLocale returns ru for Russian" name="getUserLocale returns ru for Russian" time="0.001">
    </testcase>
    <testcase classname="getUserLocale returns en for English" name="getUserLocale returns en for English" time="0.001">
    </testcase>
    <testcase classname="getUserLocale returns en for unknown languages" name="getUserLocale returns en for unknown languages" time="0.001">
    </testcase>
    <testcase classname="getUserLocale returns en for undefined" name="getUserLocale returns en for undefined" time="0">
    </testcase>
  </testsuite>
  <testsuite name="enrichLeavesWithUserData" errors="0" failures="0" skipped="0" timestamp="2026-08-07T17:57:18" time="0.388" tests="7">
    <testcase classname="enrichLeavesWithUserData returns an empty array for no leaves" name="enrichLeavesWithUserData returns an empty array for no leaves" time="0.005">
    </testcase>
    <testcase classname="enrichLeavesWithUserData enriches leaves with user and reviewer data" name="enrichLeavesWithUserData enriches leaves with user and reviewer data" time="0.004">
    </testcase>
    <testcase classname="enrichLeavesWithUserData deduplicates shared user IDs" name="enrichLeavesWithUserData deduplicates shared user IDs" time="0.002">
    </testcase>
    <testcase classname="enrichLeavesWithUserData falls back to user fields when the profile has none" name="enrichLeavesWithUserData falls back to user fields when the profile has none" time="0.002">
    </testcase>
    <testcase classname="enrichLeavesWithUserData skips reviewer loading when includeReviewer is false" name="enrichLeavesWithUserData skips reviewer loading when includeReviewer is false" time="0.002">
    </testcase>
    <testcase classname="enrichLeavesWithUserData handles missing users and reviewers" name="enrichLeavesWithUserData handles missing users and reviewers" time="0.003">
    </testcase>
    <testcase classname="enrichLeavesWithUserData handles leaves without a reviewer" name="enrichLeavesWithUserData handles leaves without a reviewer" time="0.002">
    </testcase>
  </testsuite>
  <testsuite name="getInitials" errors="0" failures="0" skipped="0" timestamp="2026-08-07T17:57:18" time="0.427" tests="23">
    <testcase classname="getInitials returns single initial for first name only" name="getInitials returns single initial for first name only" time="0.003">
    </testcase>
    <testcase classname="getInitials returns two initials for first and last name" name="getInitials returns two initials for first and last name" time="0.001">
    </testcase>
    <testcase classname="getInitials returns first and last initial for multiple words" name="getInitials returns first and last initial for multiple words" time="0.001">
    </testcase>
    <testcase classname="getInitials handles lowercase names" name="getInitials handles lowercase names" time="0">
    </testcase>
    <testcase classname="getInitials handles names with extra spaces" name="getInitials handles names with extra spaces" time="0.001">
    </testcase>
    <testcase classname="getInitials returns question mark for empty string" name="getInitials returns question mark for empty string" time="0.001">
    </testcase>
    <testcase classname="getInitials handles whitespace only (returns empty string or null-like)" name="getInitials handles whitespace only (returns empty string or null-like)" time="0.001">
    </testcase>
    <testcase classname="getInitials handles single character name" name="getInitials handles single character name" time="0.001">
    </testcase>
    <testcase classname="getInitials handles null/undefined gracefully" name="getInitials handles null/undefined gracefully" time="0.001">
    </testcase>
    <testcase classname="getInitials handles non-ASCII characters" name="getInitials handles non-ASCII characters" time="0.001">
    </testcase>
    <testcase classname="getInitials handles hyphenated names (takes first letter of full name)" name="getInitials handles hyphenated names (takes first letter of full name)" time="0.001">
    </testcase>
    <testcase classname="getInitials handles names with dots" name="getInitials handles names with dots" time="0.001">
    </testcase>
    <testcase classname="getInitials returns single char for one-letter names" name="getInitials returns single char for one-letter names" time="0">
    </testcase>
    <testcase classname="formatFileSize formats 0 bytes" name="formatFileSize formats 0 bytes" time="0.001">
    </testcase>
    <testcase classname="formatFileSize formats bytes" name="formatFileSize formats bytes" time="0.001">
    </testcase>
    <testcase classname="formatFileSize formats kilobytes" name="formatFileSize formats kilobytes" time="0">
    </testcase>
    <testcase classname="formatFileSize formats megabytes" name="formatFileSize formats megabytes" time="0.001">
    </testcase>
    <testcase classname="formatFileSize formats gigabytes" name="formatFileSize formats gigabytes" time="0.001">
    </testcase>
    <testcase classname="formatFileSize formats terabytes" name="formatFileSize formats terabytes" time="0.001">
    </testcase>
    <testcase classname="formatFileSize handles fractional sizes correctly" name="formatFileSize handles fractional sizes correctly" time="0.001">
    </testcase>
    <testcase classname="formatFileSize uses correct unit for edge cases" name="formatFileSize uses correct unit for edge cases" time="0.001">
    </testcase>
    <testcase classname="formatFileSize handles very large numbers" name="formatFileSize handles very large numbers" time="0">
    </testcase>
    <testcase classname="formatFileSize rounds to 2 decimal places" name="formatFileSize rounds to 2 decimal places" time="0.001">
    </testcase>
  </testsuite>
</testsuites>